  Source.cpp
e:\documents\projects\solar_system\solar_system\solar_system\source.cpp(113): warning C4996: 'fopen': This function or variable may be unsafe. Consider using fopen_s instead. To disable deprecation, use _CRT_SECURE_NO_WARNINGS. See online help for details.
  c:\program files (x86)\windows kits\10\include\10.0.10240.0\ucrt\stdio.h(205): note:  см. объявление "fopen"
e:\documents\projects\solar_system\solar_system\solar_system\source.cpp(156): warning C4477: "fscanf": в строке форматирования "%s" требуется аргумент типа "char *", но вариативный аргумент "1" имеет тип "std::string"
e:\documents\projects\solar_system\solar_system\solar_system\source.cpp(156): warning C4996: 'fscanf': This function or variable may be unsafe. Consider using fscanf_s instead. To disable deprecation, use _CRT_SECURE_NO_WARNINGS. See online help for details.
  c:\program files (x86)\windows kits\10\include\10.0.10240.0\ucrt\stdio.h(1193): note:  см. объявление "fscanf"
e:\documents\projects\solar_system\solar_system\solar_system\source.cpp(157): warning C4477: "fscanf": в строке форматирования "%i" требуется аргумент типа "int *", но вариативный аргумент "1" имеет тип "int"
e:\documents\projects\solar_system\solar_system\solar_system\source.cpp(157): warning C4996: 'fscanf': This function or variable may be unsafe. Consider using fscanf_s instead. To disable deprecation, use _CRT_SECURE_NO_WARNINGS. See online help for details.
  c:\program files (x86)\windows kits\10\include\10.0.10240.0\ucrt\stdio.h(1193): note:  см. объявление "fscanf"
e:\documents\projects\solar_system\solar_system\solar_system\source.cpp(158): warning C4477: "fscanf": в строке форматирования "%i" требуется аргумент типа "int *", но вариативный аргумент "1" имеет тип "int"
e:\documents\projects\solar_system\solar_system\solar_system\source.cpp(158): warning C4996: 'fscanf': This function or variable may be unsafe. Consider using fscanf_s instead. To disable deprecation, use _CRT_SECURE_NO_WARNINGS. See online help for details.
  c:\program files (x86)\windows kits\10\include\10.0.10240.0\ucrt\stdio.h(1193): note:  см. объявление "fscanf"
e:\documents\projects\solar_system\solar_system\solar_system\source.cpp(159): warning C4477: "fscanf": в строке форматирования "%i" требуется аргумент типа "int *", но вариативный аргумент "1" имеет тип "int"
e:\documents\projects\solar_system\solar_system\solar_system\source.cpp(159): warning C4996: 'fscanf': This function or variable may be unsafe. Consider using fscanf_s instead. To disable deprecation, use _CRT_SECURE_NO_WARNINGS. See online help for details.
  c:\program files (x86)\windows kits\10\include\10.0.10240.0\ucrt\stdio.h(1193): note:  см. объявление "fscanf"
e:\documents\projects\solar_system\solar_system\solar_system\source.cpp(160): warning C4477: "fscanf": в строке форматирования "%i" требуется аргумент типа "int *", но вариативный аргумент "1" имеет тип "int"
e:\documents\projects\solar_system\solar_system\solar_system\source.cpp(160): warning C4996: 'fscanf': This function or variable may be unsafe. Consider using fscanf_s instead. To disable deprecation, use _CRT_SECURE_NO_WARNINGS. See online help for details.
  c:\program files (x86)\windows kits\10\include\10.0.10240.0\ucrt\stdio.h(1193): note:  см. объявление "fscanf"
e:\documents\projects\solar_system\solar_system\solar_system\source.cpp(161): warning C4477: "fscanf": в строке форматирования "%i" требуется аргумент типа "int *", но вариативный аргумент "1" имеет тип "int"
e:\documents\projects\solar_system\solar_system\solar_system\source.cpp(161): warning C4996: 'fscanf': This function or variable may be unsafe. Consider using fscanf_s instead. To disable deprecation, use _CRT_SECURE_NO_WARNINGS. See online help for details.
  c:\program files (x86)\windows kits\10\include\10.0.10240.0\ucrt\stdio.h(1193): note:  см. объявление "fscanf"
e:\documents\projects\solar_system\solar_system\solar_system\source.cpp(277): warning C4018: <: несоответствие типов со знаком и без знака
e:\documents\projects\solar_system\solar_system\solar_system\source.cpp(287): warning C4996: 'fopen': This function or variable may be unsafe. Consider using fopen_s instead. To disable deprecation, use _CRT_SECURE_NO_WARNINGS. See online help for details.
  c:\program files (x86)\windows kits\10\include\10.0.10240.0\ucrt\stdio.h(205): note:  см. объявление "fopen"
e:\documents\projects\solar_system\solar_system\solar_system\source.cpp(337): warning C4800: Cosmic_body *: принудительно задано логическое значение "true" или "false" (предупреждение о производительности)
e:\documents\projects\solar_system\solar_system\solar_system\source.cpp(340): warning C4800: Cosmic_body *: принудительно задано логическое значение "true" или "false" (предупреждение о производительности)
e:\documents\projects\solar_system\solar_system\solar_system\source.cpp(342): warning C4800: Cosmic_body *: принудительно задано логическое значение "true" или "false" (предупреждение о производительности)
e:\documents\projects\solar_system\solar_system\solar_system\source.cpp(344): warning C4800: Cosmic_body *: принудительно задано логическое значение "true" или "false" (предупреждение о производительности)
e:\documents\projects\solar_system\solar_system\solar_system\source.cpp(330): warning C4996: 'fopen': This function or variable may be unsafe. Consider using fopen_s instead. To disable deprecation, use _CRT_SECURE_NO_WARNINGS. See online help for details.
  c:\program files (x86)\windows kits\10\include\10.0.10240.0\ucrt\stdio.h(205): note:  см. объявление "fopen"
  solar_system.vcxproj -> E:\Documents\projects\solar_system\solar_system\Debug\solar_system.exe
  solar_system.vcxproj -> E:\Documents\projects\solar_system\solar_system\Debug\solar_system.pdb (Full PDB)
